<?xml version="1.0" encoding="UTF-8"?>
<!-- Generated by org.testng.reporters.JUnitXMLReporter -->
<testsuite ignored="0" hostname="DESKTOP-UU7H60C" failures="1" tests="1" name="StandAlone Project" time="40.779" errors="0" timestamp="2024-12-10T19:12:58 IST">
  <testcase classname="rahulshettyacademy.tests.StandAloneTest" name="standAlone" time="2.761">
    <failure type="java.lang.NullPointerException" message="Cannot invoke &amp;quot;org.openqa.selenium.WebElement.findElement(org.openqa.selenium.By)&amp;quot; because &amp;quot;prod&amp;quot; is null">
      <![CDATA[java.lang.NullPointerException: Cannot invoke "org.openqa.selenium.WebElement.findElement(org.openqa.selenium.By)" because "prod" is null
at rahulshettyacademy.tests.ProductCatalogue.getProductByName(ProductCatalogue.java:48)
at rahulshettyacademy.tests.ProductCatalogue.addProductToCart(ProductCatalogue.java:54)
at rahulshettyacademy.tests.StandAloneTest.standAlone(StandAloneTest.java:25)
at java.base/java.util.ArrayList.forEach(ArrayList.java:1596)
at java.base/java.util.concurrent.FutureTask.run(FutureTask.java:317)
at java.base/java.util.concurrent.ThreadPoolExecutor.runWorker(ThreadPoolExecutor.java:1144)
at java.base/java.util.concurrent.ThreadPoolExecutor$Worker.run(ThreadPoolExecutor.java:642)
at java.base/java.lang.Thread.run(Thread.java:1583)
... Removed 15 stack frames]]>
    </failure>
  </testcase> <!-- standAlone -->
</testsuite> <!-- StandAlone Project -->
