<?xml version="1.0" encoding="UTF-8"?>
<!-- Generated by org.testng.reporters.JUnitXMLReporter -->
<testsuite ignored="0" hostname="DESKTOP-UU7H60C" failures="1" tests="1" name="Regression" time="0.103" errors="0" timestamp="2024-11-19T20:42:59 IST">
  <testcase classname="rahulshettyacademy.tests.StandAloneTest" name="standAlone" time="0.015">
    <failure type="java.io.FileNotFoundException" message="C:\Users\home\IdeaProjects\SeleniumFrameWorkDesign\src\main\java\rahulshettyacademy\resource (Access is denied)">
        <![CDATA[java.io.FileNotFoundException: C:\Users\home\IdeaProjects\SeleniumFrameWorkDesign\src\main\java\rahulshettyacademy\resource (Access is denied)
at java.base/java.io.FileInputStream.open0(Native Method)
at java.base/java.io.FileInputStream.open(FileInputStream.java:213)
at java.base/java.io.FileInputStream.<init>(FileInputStream.java:152)
at java.base/java.io.FileInputStream.<init>(FileInputStream.java:106)
at rahulshettyacademy.TestComponents.BaseTest.initializeDriver(BaseTest.java:19)
at rahulshettyacademy.TestComponents.BaseTest.launchApplication(BaseTest.java:40)
at rahulshettyacademy.tests.StandAloneTest.standAlone(StandAloneTest.java:22)
at java.base/java.util.ArrayList.forEach(ArrayList.java:1596)
at com.intellij.rt.testng.IDEARemoteTestNG.run(IDEARemoteTestNG.java:65)
at com.intellij.rt.testng.RemoteTestNGStarter.main(RemoteTestNGStarter.java:105)
... Removed 22 stack frames]]>
    </failure>
  </testcase> <!-- standAlone -->
</testsuite> <!-- Regression -->
