<?xml version="1.0" encoding="UTF-8"?>
<testng-results ignored="0" total="0" passed="0" failed="0" skipped="0">
  <reporter-output>
  </reporter-output>
  <suite started-at="2024-12-10T19:12:59 IST" name="Suite" finished-at="2024-12-10T19:12:59 IST" duration-ms="0">
    <groups>
      <group name="Purchase">
        <method signature="StandAloneTest.standAlone(java.util.HashMap)[pri:0, instance:rahulshettyacademy.tests.StandAloneTest@4b0d79fc]" name="standAlone" class="rahulshettyacademy.tests.StandAloneTest"/>
      </group> <!-- Purchase -->
      <group name="errorHandling">
        <method signature="ErrorValidation.LoginErrorValidation()[pri:0, instance:rahulshettyacademy.tests.ErrorValidation@cb0755b]" name="LoginErrorValidation" class="rahulshettyacademy.tests.ErrorValidation"/>
      </group> <!-- errorHandling -->
    </groups>
  </suite> <!-- Suite -->
</testng-results>
